[13:12:11] [main/INFO]: Environment: authHost='https://authserver.mojang.com', accountsHost='https://api.mojang.com', sessionHost='https://sessionserver.mojang.com', servicesHost='https://api.minecraftservices.com', name='PROD'
[13:12:12] [main/WARN]: Ambiguity between arguments [teleport, destination] and [teleport, targets] with inputs: [Player, 0123, @e, dd12be42-52a9-4a91-a8a1-11c01849e498]
[13:12:12] [main/WARN]: Ambiguity between arguments [teleport, location] and [teleport, destination] with inputs: [0.1 -0.5 .9, 0 0 0]
[13:12:12] [main/WARN]: Ambiguity between arguments [teleport, location] and [teleport, targets] with inputs: [0.1 -0.5 .9, 0 0 0]
[13:12:12] [main/WARN]: Ambiguity between arguments [teleport, targets] and [teleport, destination] with inputs: [Player, 0123, dd12be42-52a9-4a91-a8a1-11c01849e498]
[13:12:12] [main/WARN]: Ambiguity between arguments [teleport, targets, location] and [teleport, targets, destination] with inputs: [0.1 -0.5 .9, 0 0 0]
[13:12:12] [main/INFO]: Reloading ResourceManager: Default
[13:12:14] [Worker-Main-2/INFO]: Loaded 7 recipes
[13:12:15] [Worker-Main-2/INFO]: Loaded 927 advancements
[13:12:18] [Server thread/INFO]: Starting minecraft server version 1.16.5
[13:12:18] [Server thread/INFO]: Loading properties
[13:12:18] [Server thread/INFO]: Default game type: SURVIVAL
[13:12:18] [Server thread/INFO]: Generating keypair
[13:12:18] [Server thread/INFO]: Starting Minecraft server on *:25565
[13:12:19] [Server thread/INFO]: Using epoll channel type
[13:12:19] [Server thread/INFO]: Preparing level "world"
[13:12:19] [Server thread/INFO]: Preparing start region for dimension minecraft:overworld
[13:12:23] [Server thread/INFO]: Preparing spawn area: 0%
[13:12:23] [Server thread/INFO]: Preparing spawn area: 0%
[13:12:23] [Server thread/INFO]: Preparing spawn area: 0%
[13:12:23] [Server thread/INFO]: Preparing spawn area: 0%
[13:12:23] [Server thread/INFO]: Preparing spawn area: 0%
[13:12:23] [Server thread/INFO]: Preparing spawn area: 0%
[13:12:23] [Server thread/INFO]: Preparing spawn area: 0%
[13:12:23] [Server thread/INFO]: Preparing spawn area: 0%
[13:12:23] [Server thread/INFO]: Preparing spawn area: 0%
[13:12:23] [Worker-Main-2/INFO]: Preparing spawn area: 0%
[13:12:24] [Server thread/INFO]: Preparing spawn area: 25%
[13:12:28] [Worker-Main-2/INFO]: Preparing spawn area: 37%
[13:12:28] [Worker-Main-2/INFO]: Preparing spawn area: 37%
[13:12:28] [Worker-Main-2/INFO]: Preparing spawn area: 37%
[13:12:28] [Worker-Main-2/INFO]: Preparing spawn area: 37%
[13:12:28] [Worker-Main-2/INFO]: Preparing spawn area: 37%
[13:12:28] [Worker-Main-2/INFO]: Preparing spawn area: 37%
[13:12:28] [Worker-Main-2/INFO]: Preparing spawn area: 37%
[13:12:28] [Worker-Main-2/INFO]: Preparing spawn area: 37%
[13:12:28] [Worker-Main-2/INFO]: Preparing spawn area: 37%
[13:12:30] [Worker-Main-2/INFO]: Preparing spawn area: 79%
[13:12:30] [Worker-Main-2/INFO]: Preparing spawn area: 79%
[13:12:30] [Worker-Main-2/INFO]: Preparing spawn area: 83%
[13:12:30] [Worker-Main-2/INFO]: Preparing spawn area: 83%
[13:12:31] [Worker-Main-2/INFO]: Preparing spawn area: 83%
[13:12:32] [Worker-Main-2/INFO]: Preparing spawn area: 83%
[13:12:32] [Worker-Main-2/INFO]: Preparing spawn area: 83%
[13:12:32] [Worker-Main-2/INFO]: Preparing spawn area: 83%
[13:12:33] [Worker-Main-2/INFO]: Preparing spawn area: 83%
[13:12:33] [Worker-Main-2/INFO]: Preparing spawn area: 83%
[13:12:34] [Worker-Main-2/INFO]: Preparing spawn area: 83%
[13:12:34] [Worker-Main-2/INFO]: Preparing spawn area: 83%
[13:12:35] [Worker-Main-2/INFO]: Preparing spawn area: 84%
[13:12:35] [Worker-Main-2/INFO]: Preparing spawn area: 84%
[13:12:36] [Worker-Main-2/INFO]: Preparing spawn area: 85%
[13:12:36] [Worker-Main-2/INFO]: Preparing spawn area: 86%
[13:12:37] [Server thread/INFO]: Preparing spawn area: 86%
[13:12:37] [Worker-Main-2/INFO]: Preparing spawn area: 88%
[13:12:38] [Worker-Main-2/INFO]: Preparing spawn area: 90%
[13:12:38] [Worker-Main-2/INFO]: Preparing spawn area: 91%
[13:12:39] [Worker-Main-2/INFO]: Preparing spawn area: 95%
[13:12:39] [Worker-Main-2/INFO]: Preparing spawn area: 99%
[13:12:40] [Server thread/INFO]: Time elapsed: 20786 ms
[13:12:40] [Server thread/INFO]: Done (20.967s)! For help, type "help"
